#
# There is insufficient memory for the Java Runtime Environment to continue.
# Native memory allocation (malloc) failed to allocate 844016 bytes for Chunk::new
# Possible reasons:
#   The system is out of physical RAM or swap space
#   The process is running with CompressedOops enabled, and the Java Heap may be blocking the growth of the native heap
# Possible solutions:
#   Reduce memory load on the system
#   Increase physical memory or swap space
#   Check if swap backing store is full
#   Decrease Java heap size (-Xmx/-Xms)
#   Decrease number of Java threads
#   Decrease Java thread stack sizes (-Xss)
#   Set larger code cache with -XX:ReservedCodeCacheSize=
#   JVM is running with Unscaled Compressed Oops mode in which the Java heap is
#     placed in the first 4GB address space. The Java Heap base address is the
#     maximum limit for the native heap growth. Please use -XX:HeapBaseMinAddress
#     to set the Java Heap base and to place the Java Heap above 4GB virtual address.
# This output file may be truncated or incomplete.
#
#  Out of Memory Error (arena.cpp:189), pid=5788, tid=19292
#
# JRE version: Java(TM) SE Runtime Environment (17.0.11+7) (build 17.0.11+7-LTS-207)
# Java VM: Java HotSpot(TM) 64-Bit Server VM (17.0.11+7-LTS-207, mixed mode, sharing, tiered, compressed oops, compressed class ptrs, g1 gc, windows-amd64)
# No core dump will be written. Minidumps are not enabled by default on client versions of Windows
#

---------------  S U M M A R Y ------------

Command Line: -Dfile.encoding=UTF-8 -Dstdout.encoding=UTF-8 -Dstderr.encoding=UTF-8 -XX:+ShowCodeDetailsInExceptionMessages kr.co.matchday.MatchdayApplication --spring.output.ansi.enabled=always

Host: Intel(R) Core(TM) i3-6100U CPU @ 2.30GHz, 4 cores, 7G,  Windows 10 , 64 bit Build 19041 (10.0.19041.4597)
Time: Mon Jul 22 14:16:55 2024  Windows 10 , 64 bit Build 19041 (10.0.19041.4597) elapsed time: 16.276655 seconds (0d 0h 0m 16s)

---------------  T H R E A D  ---------------

Current thread (0x0000025e7fa49e70):  JavaThread "C2 CompilerThread0" daemon [_thread_in_native, id=19292, stack(0x000000aa00b00000,0x000000aa00c00000)]


Current CompileTask:
C2:  16276 6061       4       jdk.internal.loader.ClassLoaders$AppClassLoader::loadClass (40 bytes)

Stack: [0x000000aa00b00000,0x000000aa00c00000]
Native frames: (J=compiled Java code, j=interpreted, Vv=VM code, C=native code)
V  [jvm.dll+0x679cca]
V  [jvm.dll+0x7da13d]
V  [jvm.dll+0x7dba83]
V  [jvm.dll+0x7dc0f3]
V  [jvm.dll+0x2449af]
V  [jvm.dll+0xab83b]
V  [jvm.dll+0xabe1c]
V  [jvm.dll+0x2a9e6f]
V  [jvm.dll+0x5818d9]
V  [jvm.dll+0x21ed62]
V  [jvm.dll+0x21f13f]
V  [jvm.dll+0x218331]
V  [jvm.dll+0x215505]
V  [jvm.dll+0x1a2040]
V  [jvm.dll+0x225a2b]
V  [jvm.dll+0x223bcb]
V  [jvm.dll+0x7903ec]
V  [jvm.dll+0x78a85a]
V  [jvm.dll+0x678bb5]
C  [ucrtbase.dll+0x21bb2]
C  [KERNEL32.DLL+0x17374]
C  [ntdll.dll+0x4cc91]


---------------  P R O C E S S  ---------------

Threads class SMR info:
_java_thread_list=0x0000025e4b62ef20, length=31, elements={
0x0000025e7fa1a2c0, 0x0000025e7fa1b190, 0x0000025e7fa31e80, 0x0000025e7fa34860,
0x0000025e7fa35540, 0x0000025e7fa3c600, 0x0000025e7fa49e70, 0x0000025e7fa4a830,
0x0000025e7fa3c0f0, 0x0000025e7fa3a290, 0x0000025e7fa3acb0, 0x0000025e4b9687b0,
0x0000025e7fa39360, 0x0000025e7fa3a7a0, 0x0000025e7fa3bbe0, 0x0000025e7fa3cb10,
0x0000025e7fa39d80, 0x0000025e4c4710a0, 0x0000025e4c4715b0, 0x0000025e4c46e310,
0x0000025e4c46c9c0, 0x0000025e4c471ac0, 0x0000025e4c46f750, 0x0000025e4c471fd0,
0x0000025e4c470680, 0x0000025e4c46de00, 0x0000025e4c46bfa0, 0x0000025e4c46c4b0,
0x0000025e4c46ced0, 0x0000025e4c46ed30, 0x0000025e4c4724e0
}

Java Threads: ( => current thread )
  0x0000025e7fa1a2c0 JavaThread "Reference Handler" daemon [_thread_blocked, id=19440, stack(0x000000aa00500000,0x000000aa00600000)]
  0x0000025e7fa1b190 JavaThread "Finalizer" daemon [_thread_blocked, id=2160, stack(0x000000aa00600000,0x000000aa00700000)]
  0x0000025e7fa31e80 JavaThread "Signal Dispatcher" daemon [_thread_blocked, id=20228, stack(0x000000aa00700000,0x000000aa00800000)]
  0x0000025e7fa34860 JavaThread "Attach Listener" daemon [_thread_blocked, id=15260, stack(0x000000aa00800000,0x000000aa00900000)]
  0x0000025e7fa35540 JavaThread "Service Thread" daemon [_thread_blocked, id=14124, stack(0x000000aa00900000,0x000000aa00a00000)]
  0x0000025e7fa3c600 JavaThread "Monitor Deflation Thread" daemon [_thread_blocked, id=7960, stack(0x000000aa00a00000,0x000000aa00b00000)]
=>0x0000025e7fa49e70 JavaThread "C2 CompilerThread0" daemon [_thread_in_native, id=19292, stack(0x000000aa00b00000,0x000000aa00c00000)]
  0x0000025e7fa4a830 JavaThread "C1 CompilerThread0" daemon [_thread_blocked, id=5672, stack(0x000000aa00c00000,0x000000aa00d00000)]
  0x0000025e7fa3c0f0 JavaThread "Sweeper thread" daemon [_thread_blocked, id=4964, stack(0x000000aa00d00000,0x000000aa00e00000)]
  0x0000025e7fa3a290 JavaThread "Notification Thread" daemon [_thread_blocked, id=20976, stack(0x000000aa00e00000,0x000000aa00f00000)]
  0x0000025e7fa3acb0 JavaThread "Common-Cleaner" daemon [_thread_blocked, id=5144, stack(0x000000aa01000000,0x000000aa01100000)]
  0x0000025e4b9687b0 JavaThread "C2 CompilerThread1" daemon [_thread_in_native, id=16436, stack(0x000000aa01600000,0x000000aa01700000)]
  0x0000025e7fa39360 JavaThread "Catalina-utility-1" [_thread_blocked, id=5168, stack(0x000000aa01700000,0x000000aa01800000)]
  0x0000025e7fa3a7a0 JavaThread "Catalina-utility-2" [_thread_blocked, id=576, stack(0x000000aa01800000,0x000000aa01900000)]
  0x0000025e7fa3bbe0 JavaThread "container-0" [_thread_blocked, id=12508, stack(0x000000aa01900000,0x000000aa01a00000)]
  0x0000025e7fa3cb10 JavaThread "MessageBroker-1" [_thread_blocked, id=12972, stack(0x000000aa01a00000,0x000000aa01b00000)]
  0x0000025e7fa39d80 JavaThread "http-nio-9095-exec-1" daemon [_thread_in_native, id=21720, stack(0x000000aa01b00000,0x000000aa01c00000)]
  0x0000025e4c4710a0 JavaThread "http-nio-9095-exec-2" daemon [_thread_blocked, id=15560, stack(0x000000aa01c00000,0x000000aa01d00000)]
  0x0000025e4c4715b0 JavaThread "http-nio-9095-exec-3" daemon [_thread_blocked, id=5884, stack(0x000000aa01d00000,0x000000aa01e00000)]
  0x0000025e4c46e310 JavaThread "http-nio-9095-exec-4" daemon [_thread_blocked, id=9500, stack(0x000000aa01e00000,0x000000aa01f00000)]
  0x0000025e4c46c9c0 JavaThread "http-nio-9095-exec-5" daemon [_thread_blocked, id=14280, stack(0x000000aa01f00000,0x000000aa02000000)]
  0x0000025e4c471ac0 JavaThread "http-nio-9095-exec-6" daemon [_thread_blocked, id=12048, stack(0x000000aa02000000,0x000000aa02100000)]
  0x0000025e4c46f750 JavaThread "http-nio-9095-exec-7" daemon [_thread_blocked, id=1080, stack(0x000000aa02100000,0x000000aa02200000)]
  0x0000025e4c471fd0 JavaThread "http-nio-9095-exec-8" daemon [_thread_blocked, id=20296, stack(0x000000aa02200000,0x000000aa02300000)]
  0x0000025e4c470680 JavaThread "http-nio-9095-exec-9" daemon [_thread_blocked, id=21896, stack(0x000000aa02300000,0x000000aa02400000)]
  0x0000025e4c46de00 JavaThread "http-nio-9095-exec-10" daemon [_thread_blocked, id=18732, stack(0x000000aa02400000,0x000000aa02500000)]
  0x0000025e4c46bfa0 JavaThread "http-nio-9095-Poller" daemon [_thread_in_native, id=6612, stack(0x000000aa02500000,0x000000aa02600000)]
  0x0000025e4c46c4b0 JavaThread "http-nio-9095-Acceptor" daemon [_thread_in_native, id=7880, stack(0x000000aa02600000,0x000000aa02700000)]
  0x0000025e4c46ced0 JavaThread "MessageBroker-2" [_thread_blocked, id=7368, stack(0x000000aa02700000,0x000000aa02800000)]
  0x0000025e4c46ed30 JavaThread "MessageBroker-3" [_thread_blocked, id=6152, stack(0x000000aa02800000,0x000000aa02900000)]
  0x0000025e4c4724e0 JavaThread "DestroyJavaVM" [_thread_blocked, id=21804, stack(0x000000aa7fe00000,0x000000aa7ff00000)]

Other Threads:
  0x0000025e7fa12ed0 VMThread "VM Thread" [stack: 0x000000aa00400000,0x000000aa00500000] [id=3936]
  0x0000025e6424ae20 WatcherThread [stack: 0x000000aa00f00000,0x000000aa01000000] [id=16804]
  0x0000025e6422e9a0 GCTaskThread "GC Thread#0" [stack: 0x000000aa7ff00000,0x000000aa80000000] [id=21612]
  0x0000025e49a7e270 GCTaskThread "GC Thread#1" [stack: 0x000000aa01200000,0x000000aa01300000] [id=21388]
  0x0000025e49de0dc0 GCTaskThread "GC Thread#2" [stack: 0x000000aa01300000,0x000000aa01400000] [id=12140]
  0x0000025e497a0370 GCTaskThread "GC Thread#3" [stack: 0x000000aa01400000,0x000000aa01500000] [id=21512]
  0x0000025e64240d30 ConcurrentGCThread "G1 Main Marker" [stack: 0x000000aa00000000,0x000000aa00100000] [id=14180]
  0x0000025e64242660 ConcurrentGCThread "G1 Conc#0" [stack: 0x000000aa00100000,0x000000aa00200000] [id=7412]
  0x0000025e7f8d20b0 ConcurrentGCThread "G1 Refine#0" [stack: 0x000000aa00200000,0x000000aa00300000] [id=16224]
  0x0000025e4c838cb0 ConcurrentGCThread "G1 Refine#1" [stack: 0x000000aa01100000,0x000000aa01200000] [id=18904]
  0x0000025e7fa4d540 ConcurrentGCThread "G1 Refine#2" [stack: 0x000000aa01500000,0x000000aa01600000] [id=21280]
  0x0000025e7f8d29f0 ConcurrentGCThread "G1 Service" [stack: 0x000000aa00300000,0x000000aa00400000] [id=9968]

Threads with active compile tasks:
C2 CompilerThread0    16340 6061       4       jdk.internal.loader.ClassLoaders$AppClassLoader::loadClass (40 bytes)
C2 CompilerThread1    16340 6029 % !   4       org.springframework.beans.factory.support.DefaultListableBeanFactory::doGetBeanNamesForType @ 20 (505 bytes)

VM state: not at safepoint (normal execution)

VM Mutex/Monitor currently owned by a thread: None

Heap address: 0x0000000081400000, size: 2028 MB, Compressed Oops mode: 32-bit

CDS archive(s) mapped at: [0x0000025e04000000-0x0000025e04bd0000-0x0000025e04bd0000), size 12386304, SharedBaseAddress: 0x0000025e04000000, ArchiveRelocationMode: 1.
Compressed class space mapped at: 0x0000025e05000000-0x0000025e45000000, reserved size: 1073741824
Narrow klass base: 0x0000025e04000000, Narrow klass shift: 0, Narrow klass range: 0x100000000

GC Precious Log:
 CPUs: 4 total, 4 available
 Memory: 8110M
 Large Page Support: Disabled
 NUMA Support: Disabled
 Compressed Oops: Enabled (32-bit)
 Heap Region Size: 1M
 Heap Min Capacity: 8M
 Heap Initial Capacity: 128M
 Heap Max Capacity: 2028M
 Pre-touch: Disabled
 Parallel Workers: 4
 Concurrent Workers: 1
 Concurrent Refinement Workers: 4
 Periodic GC: Disabled

Heap:
 garbage-first heap   total 77824K, used 60612K [0x0000000081400000, 0x0000000100000000)
  region size 1024K, 44 young (45056K), 4 survivors (4096K)
 Metaspace       used 41858K, committed 42304K, reserved 1114112K
  class space    used 5108K, committed 5312K, reserved 1048576K

Heap Regions: E=young(eden), S=young(survivor), O=old, HS=humongous(starts), HC=humongous(continues), CS=collection set, F=free, OA=open archive, CA=closed archive, TAMS=top-at-mark-start (previous, next)
|   0|0x0000000081400000, 0x0000000081500000, 0x0000000081500000|100%| O|  |TAMS 0x0000000081500000, 0x0000000081400000| Untracked 
|   1|0x0000000081500000, 0x0000000081600000, 0x0000000081600000|100%| O|  |TAMS 0x0000000081600000, 0x0000000081500000| Untracked 
|   2|0x0000000081600000, 0x0000000081700000, 0x0000000081700000|100%| O|  |TAMS 0x0000000081700000, 0x0000000081600000| Untracked 
|   3|0x0000000081700000, 0x0000000081800000, 0x0000000081800000|100%| O|  |TAMS 0x0000000081800000, 0x0000000081700000| Untracked 
|   4|0x0000000081800000, 0x0000000081900000, 0x0000000081900000|100%| O|  |TAMS 0x0000000081900000, 0x0000000081800000| Untracked 
|   5|0x0000000081900000, 0x0000000081949400, 0x0000000081a00000| 28%| O|  |TAMS 0x0000000081949400, 0x0000000081900000| Untracked 
|   6|0x0000000081a00000, 0x0000000081b00000, 0x0000000081b00000|100%| O|  |TAMS 0x0000000081b00000, 0x0000000081a00000| Untracked 
|   7|0x0000000081b00000, 0x0000000081c00000, 0x0000000081c00000|100%| O|  |TAMS 0x0000000081c00000, 0x0000000081b00000| Untracked 
|   8|0x0000000081c00000, 0x0000000081d00000, 0x0000000081d00000|100%| O|  |TAMS 0x0000000081d00000, 0x0000000081c00000| Untracked 
|   9|0x0000000081d00000, 0x0000000081e00000, 0x0000000081e00000|100%| O|  |TAMS 0x0000000081e00000, 0x0000000081d00000| Untracked 
|  10|0x0000000081e00000, 0x0000000081f00000, 0x0000000081f00000|100%| O|  |TAMS 0x0000000081f00000, 0x0000000081e00000| Untracked 
|  11|0x0000000081f00000, 0x0000000082000000, 0x0000000082000000|100%| O|  |TAMS 0x0000000082000000, 0x0000000081f00000| Untracked 
|  12|0x0000000082000000, 0x0000000082100000, 0x0000000082100000|100%| O|  |TAMS 0x0000000082100000, 0x0000000082000000| Untracked 
|  13|0x0000000082100000, 0x0000000082200000, 0x0000000082200000|100%| O|  |TAMS 0x0000000082200000, 0x0000000082100000| Untracked 
|  14|0x0000000082200000, 0x0000000082300000, 0x0000000082300000|100%| O|  |TAMS 0x0000000082300000, 0x0000000082200000| Untracked 
|  15|0x0000000082300000, 0x0000000082400000, 0x0000000082400000|100%| O|  |TAMS 0x0000000082400000, 0x0000000082300000| Untracked 
|  16|0x0000000082400000, 0x0000000082500000, 0x0000000082500000|100%| O|  |TAMS 0x0000000082500000, 0x0000000082400000| Untracked 
|  17|0x0000000082500000, 0x0000000082500000, 0x0000000082600000|  0%| F|  |TAMS 0x0000000082500000, 0x0000000082500000| Untracked 
|  18|0x0000000082600000, 0x0000000082600000, 0x0000000082700000|  0%| F|  |TAMS 0x0000000082600000, 0x0000000082600000| Untracked 
|  19|0x0000000082700000, 0x0000000082700000, 0x0000000082800000|  0%| F|  |TAMS 0x0000000082700000, 0x0000000082700000| Untracked 
|  20|0x0000000082800000, 0x0000000082800000, 0x0000000082900000|  0%| F|  |TAMS 0x0000000082800000, 0x0000000082800000| Untracked 
|  21|0x0000000082900000, 0x0000000082900000, 0x0000000082a00000|  0%| F|  |TAMS 0x0000000082900000, 0x0000000082900000| Untracked 
|  22|0x0000000082a00000, 0x0000000082a00000, 0x0000000082b00000|  0%| F|  |TAMS 0x0000000082a00000, 0x0000000082a00000| Untracked 
|  23|0x0000000082b00000, 0x0000000082b00000, 0x0000000082c00000|  0%| F|  |TAMS 0x0000000082b00000, 0x0000000082b00000| Untracked 
|  24|0x0000000082c00000, 0x0000000082c00000, 0x0000000082d00000|  0%| F|  |TAMS 0x0000000082c00000, 0x0000000082c00000| Untracked 
|  25|0x0000000082d00000, 0x0000000082d00000, 0x0000000082e00000|  0%| F|  |TAMS 0x0000000082d00000, 0x0000000082d00000| Untracked 
|  26|0x0000000082e00000, 0x0000000082e00000, 0x0000000082f00000|  0%| F|  |TAMS 0x0000000082e00000, 0x0000000082e00000| Untracked 
|  27|0x0000000082f00000, 0x0000000082f00000, 0x0000000083000000|  0%| F|  |TAMS 0x0000000082f00000, 0x0000000082f00000| Untracked 
|  28|0x0000000083000000, 0x0000000083000000, 0x0000000083100000|  0%| F|  |TAMS 0x0000000083000000, 0x0000000083000000| Untracked 
|  29|0x0000000083100000, 0x0000000083100000, 0x0000000083200000|  0%| F|  |TAMS 0x0000000083100000, 0x0000000083100000| Untracked 
|  30|0x0000000083200000, 0x0000000083200000, 0x0000000083300000|  0%| F|  |TAMS 0x0000000083200000, 0x0000000083200000| Untracked 
|  31|0x0000000083300000, 0x0000000083300000, 0x0000000083400000|  0%| F|  |TAMS 0x0000000083300000, 0x0000000083300000| Untracked 
|  32|0x0000000083400000, 0x000000008346ae58, 0x0000000083500000| 41%| E|  |TAMS 0x0000000083400000, 0x0000000083400000| Complete 
|  33|0x0000000083500000, 0x0000000083600000, 0x0000000083600000|100%| E|CS|TAMS 0x0000000083500000, 0x0000000083500000| Complete 
|  34|0x0000000083600000, 0x0000000083700000, 0x0000000083700000|100%| E|CS|TAMS 0x0000000083600000, 0x0000000083600000| Complete 
|  35|0x0000000083700000, 0x0000000083800000, 0x0000000083800000|100%| E|CS|TAMS 0x0000000083700000, 0x0000000083700000| Complete 
|  36|0x0000000083800000, 0x0000000083900000, 0x0000000083900000|100%| E|CS|TAMS 0x0000000083800000, 0x0000000083800000| Complete 
|  37|0x0000000083900000, 0x0000000083a00000, 0x0000000083a00000|100%| E|CS|TAMS 0x0000000083900000, 0x0000000083900000| Complete 
|  38|0x0000000083a00000, 0x0000000083b00000, 0x0000000083b00000|100%| E|CS|TAMS 0x0000000083a00000, 0x0000000083a00000| Complete 
|  39|0x0000000083b00000, 0x0000000083c00000, 0x0000000083c00000|100%| E|CS|TAMS 0x0000000083b00000, 0x0000000083b00000| Complete 
|  40|0x0000000083c00000, 0x0000000083d00000, 0x0000000083d00000|100%| E|CS|TAMS 0x0000000083c00000, 0x0000000083c00000| Complete 
|  41|0x0000000083d00000, 0x0000000083e00000, 0x0000000083e00000|100%| E|CS|TAMS 0x0000000083d00000, 0x0000000083d00000| Complete 
|  42|0x0000000083e00000, 0x0000000083f00000, 0x0000000083f00000|100%| E|CS|TAMS 0x0000000083e00000, 0x0000000083e00000| Complete 
|  43|0x0000000083f00000, 0x0000000084000000, 0x0000000084000000|100%| E|CS|TAMS 0x0000000083f00000, 0x0000000083f00000| Complete 
|  44|0x0000000084000000, 0x0000000084100000, 0x0000000084100000|100%| E|CS|TAMS 0x0000000084000000, 0x0000000084000000| Complete 
|  45|0x0000000084100000, 0x0000000084200000, 0x0000000084200000|100%| E|CS|TAMS 0x0000000084100000, 0x0000000084100000| Complete 
|  46|0x0000000084200000, 0x00000000842e7d80, 0x0000000084300000| 90%| S|CS|TAMS 0x0000000084200000, 0x0000000084200000| Complete 
|  47|0x0000000084300000, 0x0000000084400000, 0x0000000084400000|100%| S|CS|TAMS 0x0000000084300000, 0x0000000084300000| Complete 
|  48|0x0000000084400000, 0x0000000084500000, 0x0000000084500000|100%| S|CS|TAMS 0x0000000084400000, 0x0000000084400000| Complete 
|  49|0x0000000084500000, 0x0000000084600000, 0x0000000084600000|100%| S|CS|TAMS 0x0000000084500000, 0x0000000084500000| Complete 
|  50|0x0000000084600000, 0x0000000084700000, 0x0000000084700000|100%| E|CS|TAMS 0x0000000084600000, 0x0000000084600000| Complete 
|  51|0x0000000084700000, 0x0000000084800000, 0x0000000084800000|100%| E|CS|TAMS 0x0000000084700000, 0x0000000084700000| Complete 
|  52|0x0000000084800000, 0x0000000084900000, 0x0000000084900000|100%| E|CS|TAMS 0x0000000084800000, 0x0000000084800000| Complete 
|  53|0x0000000084900000, 0x0000000084a00000, 0x0000000084a00000|100%| E|CS|TAMS 0x0000000084900000, 0x0000000084900000| Complete 
|  54|0x0000000084a00000, 0x0000000084b00000, 0x0000000084b00000|100%| E|CS|TAMS 0x0000000084a00000, 0x0000000084a00000| Complete 
|  55|0x0000000084b00000, 0x0000000084c00000, 0x0000000084c00000|100%| E|CS|TAMS 0x0000000084b00000, 0x0000000084b00000| Complete 
|  56|0x0000000084c00000, 0x0000000084d00000, 0x0000000084d00000|100%| E|CS|TAMS 0x0000000084c00000, 0x0000000084c00000| Complete 
|  57|0x0000000084d00000, 0x0000000084e00000, 0x0000000084e00000|100%| E|CS|TAMS 0x0000000084d00000, 0x0000000084d00000| Complete 
|  58|0x0000000084e00000, 0x0000000084f00000, 0x0000000084f00000|100%| E|CS|TAMS 0x0000000084e00000, 0x0000000084e00000| Complete 
|  59|0x0000000084f00000, 0x0000000085000000, 0x0000000085000000|100%| E|CS|TAMS 0x0000000084f00000, 0x0000000084f00000| Complete 
|  60|0x0000000085000000, 0x0000000085100000, 0x0000000085100000|100%| E|CS|TAMS 0x0000000085000000, 0x0000000085000000| Complete 
|  61|0x0000000085100000, 0x0000000085200000, 0x0000000085200000|100%| E|CS|TAMS 0x0000000085100000, 0x0000000085100000| Complete 
|  62|0x0000000085200000, 0x0000000085300000, 0x0000000085300000|100%| E|CS|TAMS 0x0000000085200000, 0x0000000085200000| Complete 
|  63|0x0000000085300000, 0x0000000085400000, 0x0000000085400000|100%| E|CS|TAMS 0x0000000085300000, 0x0000000085300000| Complete 
|  64|0x0000000085400000, 0x0000000085500000, 0x0000000085500000|100%| E|CS|TAMS 0x0000000085400000, 0x0000000085400000| Complete 
|  65|0x0000000085500000, 0x0000000085600000, 0x0000000085600000|100%| E|CS|TAMS 0x0000000085500000, 0x0000000085500000| Complete 
|  66|0x0000000085600000, 0x0000000085700000, 0x0000000085700000|100%| E|CS|TAMS 0x0000000085600000, 0x0000000085600000| Complete 
|  67|0x0000000085700000, 0x0000000085800000, 0x0000000085800000|100%| E|CS|TAMS 0x0000000085700000, 0x0000000085700000| Complete 
|  68|0x0000000085800000, 0x0000000085900000, 0x0000000085900000|100%| E|CS|TAMS 0x0000000085800000, 0x0000000085800000| Complete 
|  69|0x0000000085900000, 0x0000000085a00000, 0x0000000085a00000|100%| E|CS|TAMS 0x0000000085900000, 0x0000000085900000| Complete 
|  70|0x0000000085a00000, 0x0000000085b00000, 0x0000000085b00000|100%| E|CS|TAMS 0x0000000085a00000, 0x0000000085a00000| Complete 
|  71|0x0000000085b00000, 0x0000000085c00000, 0x0000000085c00000|100%| E|CS|TAMS 0x0000000085b00000, 0x0000000085b00000| Complete 
|  72|0x0000000085c00000, 0x0000000085d00000, 0x0000000085d00000|100%| E|CS|TAMS 0x0000000085c00000, 0x0000000085c00000| Complete 
|  73|0x0000000085d00000, 0x0000000085e00000, 0x0000000085e00000|100%| E|CS|TAMS 0x0000000085d00000, 0x0000000085d00000| Complete 
|  74|0x0000000085e00000, 0x0000000085f00000, 0x0000000085f00000|100%| E|CS|TAMS 0x0000000085e00000, 0x0000000085e00000| Complete 
| 127|0x0000000089300000, 0x0000000089400000, 0x0000000089400000|100%| E|CS|TAMS 0x0000000089300000, 0x0000000089300000| Complete 

Card table byte_map: [0x0000025e7cc70000,0x0000025e7d070000] _byte_map_base: 0x0000025e7c866000

Marking Bits (Prev, Next): (CMBitMap*) 0x0000025e6422fee0, (CMBitMap*) 0x0000025e6422ff20
 Prev Bits: [0x0000025e7d470000, 0x0000025e7f420000)
 Next Bits: [0x0000025e00000000, 0x0000025e01fb0000)

Polling page: 0x0000025e64070000

Metaspace:

Usage:
  Non-class:     35.91 MB used.
      Class:      4.99 MB used.
       Both:     40.90 MB used.

Virtual space:
  Non-class space:       64.00 MB reserved,      36.12 MB ( 56%) committed,  1 nodes.
      Class space:        1.00 GB reserved,       5.19 MB ( <1%) committed,  1 nodes.
             Both:        1.06 GB reserved,      41.31 MB (  4%) committed. 

Chunk freelists:
   Non-Class:  11.83 MB
       Class:  10.76 MB
        Both:  22.59 MB

MaxMetaspaceSize: unlimited
CompressedClassSpaceSize: 1.00 GB
Initial GC threshold: 21.00 MB
Current GC threshold: 58.75 MB
CDS: on
MetaspaceReclaimPolicy: balanced
 - commit_granule_bytes: 65536.
 - commit_granule_words: 8192.
 - virtual_space_node_default_size: 8388608.
 - enlarge_chunks_in_place: 1.
 - new_chunks_are_fully_committed: 0.
 - uncommit_free_chunks: 1.
 - use_allocation_guard: 0.
 - handle_deallocations: 1.


Internal statistics:

num_allocs_failed_limit: 6.
num_arena_births: 720.
num_arena_deaths: 0.
num_vsnodes_births: 2.
num_vsnodes_deaths: 0.
num_space_committed: 661.
num_space_uncommitted: 0.
num_chunks_returned_to_freelist: 6.
num_chunks_taken_from_freelist: 2261.
num_chunk_merges: 6.
num_chunk_splits: 1509.
num_chunks_enlarged: 1058.
num_inconsistent_stats: 0.

CodeHeap 'non-profiled nmethods': size=120000Kb used=2624Kb max_used=2624Kb free=117376Kb
 bounds [0x0000025e74d20000, 0x0000025e74fe0000, 0x0000025e7c250000]
CodeHeap 'profiled nmethods': size=120000Kb used=11267Kb max_used=11720Kb free=108732Kb
 bounds [0x0000025e6d250000, 0x0000025e6ddd0000, 0x0000025e74780000]
CodeHeap 'non-nmethods': size=5760Kb used=1269Kb max_used=1322Kb free=4490Kb
 bounds [0x0000025e74780000, 0x0000025e749f0000, 0x0000025e74d20000]
 total_blobs=5898 nmethods=5322 adapters=488
 compilation: enabled
              stopped_count=0, restarted_count=0
 full_count=0

Compilation events (20 events):
Event: 16.038 Thread 0x0000025e7fa49e70 nmethod 6048% 0x0000025e74f20910 code [0x0000025e74f20aa0, 0x0000025e74f21398]
Event: 16.038 Thread 0x0000025e7fa49e70 6049       4       jdk.internal.misc.Unsafe::convEndian (16 bytes)
Event: 16.040 Thread 0x0000025e7fa49e70 nmethod 6049 0x0000025e74f20610 code [0x0000025e74f20780, 0x0000025e74f207f8]
Event: 16.053 Thread 0x0000025e7fa49e70 6058   !   4       java.util.zip.ZipFile::getInputStream (275 bytes)
Event: 16.122 Thread 0x0000025e7fa49e70 nmethod 6058 0x0000025e74e80c10 code [0x0000025e74e80e60, 0x0000025e74e83310]
Event: 16.122 Thread 0x0000025e7fa49e70 6059       4       java.util.zip.ZipFile$ZipFileInputStream::<init> (96 bytes)
Event: 16.124 Thread 0x0000025e7fa4a830 6060       3       java.math.BigDecimal::valueOf (46 bytes)
Event: 16.124 Thread 0x0000025e7fa4a830 nmethod 6060 0x0000025e6d37a990 code [0x0000025e6d37ab80, 0x0000025e6d37aff8]
Event: 16.127 Thread 0x0000025e7fa49e70 nmethod 6059 0x0000025e74deec90 code [0x0000025e74deee20, 0x0000025e74def1d8]
Event: 16.127 Thread 0x0000025e7fa49e70 6061       4       jdk.internal.loader.ClassLoaders$AppClassLoader::loadClass (40 bytes)
Event: 16.131 Thread 0x0000025e7fa4a830 6062       3       java.util.List::of (4 bytes)
Event: 16.131 Thread 0x0000025e7fa4a830 nmethod 6062 0x0000025e6d67cf90 code [0x0000025e6d67d120, 0x0000025e6d67d218]
Event: 16.167 Thread 0x0000025e7fa4a830 6065       3       java.lang.reflect.Modifier::isVolatile (13 bytes)
Event: 16.167 Thread 0x0000025e7fa4a830 nmethod 6065 0x0000025e6d37a610 code [0x0000025e6d37a7a0, 0x0000025e6d37a8f8]
Event: 16.176 Thread 0x0000025e7fa4a830 6067       3       java.lang.reflect.Field::getFieldAccessor (35 bytes)
Event: 16.176 Thread 0x0000025e7fa4a830 nmethod 6067 0x0000025e6d37a190 code [0x0000025e6d37a340, 0x0000025e6d37a528]
Event: 16.177 Thread 0x0000025e7fa4a830 6068       3       jdk.internal.module.ServicesCatalog::findServices (17 bytes)
Event: 16.177 Thread 0x0000025e7fa4a830 nmethod 6068 0x0000025e6d379b90 code [0x0000025e6d379d40, 0x0000025e6d37a088]
Event: 16.177 Thread 0x0000025e7fa4a830 6069       3       java.util.concurrent.ConcurrentHashMap::getOrDefault (16 bytes)
Event: 16.177 Thread 0x0000025e7fa4a830 nmethod 6069 0x0000025e6d379710 code [0x0000025e6d3798c0, 0x0000025e6d379ae8]

GC Heap History (20 events):
Event: 4.439 GC heap before
{Heap before GC invocations=3 (full 0):
 garbage-first heap   total 131072K, used 69912K [0x0000000081400000, 0x0000000100000000)
  region size 1024K, 64 young (65536K), 3 survivors (3072K)
 Metaspace       used 21217K, committed 21504K, reserved 1114112K
  class space    used 2633K, committed 2752K, reserved 1048576K
}
Event: 4.454 GC heap after
{Heap after GC invocations=4 (full 0):
 garbage-first heap   total 131072K, used 13697K [0x0000000081400000, 0x0000000100000000)
  region size 1024K, 8 young (8192K), 8 survivors (8192K)
 Metaspace       used 21217K, committed 21504K, reserved 1114112K
  class space    used 2633K, committed 2752K, reserved 1048576K
}
Event: 5.558 GC heap before
{Heap before GC invocations=5 (full 0):
 garbage-first heap   total 51200K, used 36225K [0x0000000081400000, 0x0000000100000000)
  region size 1024K, 30 young (30720K), 8 survivors (8192K)
 Metaspace       used 25767K, committed 26112K, reserved 1114112K
  class space    used 3224K, committed 3392K, reserved 1048576K
}
Event: 5.584 GC heap after
{Heap after GC invocations=6 (full 0):
 garbage-first heap   total 51200K, used 16169K [0x0000000081400000, 0x0000000100000000)
  region size 1024K, 3 young (3072K), 3 survivors (3072K)
 Metaspace       used 25767K, committed 26112K, reserved 1114112K
  class space    used 3224K, committed 3392K, reserved 1048576K
}
Event: 5.668 GC heap before
{Heap before GC invocations=6 (full 0):
 garbage-first heap   total 51200K, used 17193K [0x0000000081400000, 0x0000000100000000)
  region size 1024K, 4 young (4096K), 3 survivors (3072K)
 Metaspace       used 26061K, committed 26432K, reserved 1114112K
  class space    used 3256K, committed 3456K, reserved 1048576K
}
Event: 5.681 GC heap after
{Heap after GC invocations=7 (full 0):
 garbage-first heap   total 51200K, used 16559K [0x0000000081400000, 0x0000000100000000)
  region size 1024K, 1 young (1024K), 1 survivors (1024K)
 Metaspace       used 26061K, committed 26432K, reserved 1114112K
  class space    used 3256K, committed 3456K, reserved 1048576K
}
Event: 6.766 GC heap before
{Heap before GC invocations=7 (full 0):
 garbage-first heap   total 51200K, used 34991K [0x0000000081400000, 0x0000000100000000)
  region size 1024K, 19 young (19456K), 1 survivors (1024K)
 Metaspace       used 28390K, committed 28864K, reserved 1114112K
  class space    used 3497K, committed 3712K, reserved 1048576K
}
Event: 6.770 GC heap after
{Heap after GC invocations=8 (full 0):
 garbage-first heap   total 51200K, used 16720K [0x0000000081400000, 0x0000000100000000)
  region size 1024K, 1 young (1024K), 1 survivors (1024K)
 Metaspace       used 28390K, committed 28864K, reserved 1114112K
  class space    used 3497K, committed 3712K, reserved 1048576K
}
Event: 7.350 GC heap before
{Heap before GC invocations=8 (full 0):
 garbage-first heap   total 51200K, used 37200K [0x0000000081400000, 0x0000000100000000)
  region size 1024K, 21 young (21504K), 1 survivors (1024K)
 Metaspace       used 31944K, committed 32512K, reserved 1114112K
  class space    used 3960K, committed 4224K, reserved 1048576K
}
Event: 7.356 GC heap after
{Heap after GC invocations=9 (full 0):
 garbage-first heap   total 51200K, used 17804K [0x0000000081400000, 0x0000000100000000)
  region size 1024K, 2 young (2048K), 2 survivors (2048K)
 Metaspace       used 31944K, committed 32512K, reserved 1114112K
  class space    used 3960K, committed 4224K, reserved 1048576K
}
Event: 7.533 GC heap before
{Heap before GC invocations=9 (full 0):
 garbage-first heap   total 51200K, used 37260K [0x0000000081400000, 0x0000000100000000)
  region size 1024K, 22 young (22528K), 2 survivors (2048K)
 Metaspace       used 32158K, committed 32704K, reserved 1114112K
  class space    used 3968K, committed 4224K, reserved 1048576K
}
Event: 7.537 GC heap after
{Heap after GC invocations=10 (full 0):
 garbage-first heap   total 51200K, used 17923K [0x0000000081400000, 0x0000000100000000)
  region size 1024K, 2 young (2048K), 2 survivors (2048K)
 Metaspace       used 32158K, committed 32704K, reserved 1114112K
  class space    used 3968K, committed 4224K, reserved 1048576K
}
Event: 7.668 GC heap before
{Heap before GC invocations=10 (full 0):
 garbage-first heap   total 51200K, used 37379K [0x0000000081400000, 0x0000000100000000)
  region size 1024K, 22 young (22528K), 2 survivors (2048K)
 Metaspace       used 32278K, committed 32768K, reserved 1114112K
  class space    used 3972K, committed 4224K, reserved 1048576K
}
Event: 7.671 GC heap after
{Heap after GC invocations=11 (full 0):
 garbage-first heap   total 51200K, used 18084K [0x0000000081400000, 0x0000000100000000)
  region size 1024K, 2 young (2048K), 2 survivors (2048K)
 Metaspace       used 32278K, committed 32768K, reserved 1114112K
  class space    used 3972K, committed 4224K, reserved 1048576K
}
Event: 7.827 GC heap before
{Heap before GC invocations=11 (full 0):
 garbage-first heap   total 51200K, used 38564K [0x0000000081400000, 0x0000000100000000)
  region size 1024K, 23 young (23552K), 2 survivors (2048K)
 Metaspace       used 32463K, committed 32896K, reserved 1114112K
  class space    used 3981K, committed 4224K, reserved 1048576K
}
Event: 7.833 GC heap after
{Heap after GC invocations=12 (full 0):
 garbage-first heap   total 77824K, used 18226K [0x0000000081400000, 0x0000000100000000)
  region size 1024K, 2 young (2048K), 2 survivors (2048K)
 Metaspace       used 32463K, committed 32896K, reserved 1114112K
  class space    used 3981K, committed 4224K, reserved 1048576K
}
Event: 8.078 GC heap before
{Heap before GC invocations=12 (full 0):
 garbage-first heap   total 77824K, used 62258K [0x0000000081400000, 0x0000000100000000)
  region size 1024K, 45 young (46080K), 2 survivors (2048K)
 Metaspace       used 32744K, committed 33216K, reserved 1114112K
  class space    used 4001K, committed 4224K, reserved 1048576K
}
Event: 8.081 GC heap after
{Heap after GC invocations=13 (full 0):
 garbage-first heap   total 77824K, used 18398K [0x0000000081400000, 0x0000000100000000)
  region size 1024K, 2 young (2048K), 2 survivors (2048K)
 Metaspace       used 32744K, committed 33216K, reserved 1114112K
  class space    used 4001K, committed 4224K, reserved 1048576K
}
Event: 8.964 GC heap before
{Heap before GC invocations=13 (full 0):
 garbage-first heap   total 77824K, used 43998K [0x0000000081400000, 0x0000000100000000)
  region size 1024K, 28 young (28672K), 2 survivors (2048K)
 Metaspace       used 35511K, committed 35968K, reserved 1114112K
  class space    used 4296K, committed 4544K, reserved 1048576K
}
Event: 8.973 GC heap after
{Heap after GC invocations=14 (full 0):
 garbage-first heap   total 77824K, used 20676K [0x0000000081400000, 0x0000000100000000)
  region size 1024K, 4 young (4096K), 4 survivors (4096K)
 Metaspace       used 35511K, committed 35968K, reserved 1114112K
  class space    used 4296K, committed 4544K, reserved 1048576K
}

Deoptimization events (20 events):
Event: 10.015 Thread 0x0000025e641d3570 Uncommon trap: trap_request=0xffffff45 fr.pc=0x0000025e74d888e0 relative=0x0000000000000060
Event: 10.015 Thread 0x0000025e641d3570 Uncommon trap: reason=unstable_if action=reinterpret pc=0x0000025e74d888e0 method=org.springframework.util.ConcurrentReferenceHashMap$Segment.clear()V @ 7 c2
Event: 10.015 Thread 0x0000025e641d3570 DEOPT PACKING pc=0x0000025e74d888e0 sp=0x000000aa7fefef10
Event: 10.015 Thread 0x0000025e641d3570 DEOPT UNPACKING pc=0x0000025e747d23a3 sp=0x000000aa7fefeea0 mode 2
Event: 10.139 Thread 0x0000025e641d3570 Uncommon trap: trap_request=0xffffff45 fr.pc=0x0000025e74f77638 relative=0x0000000000000118
Event: 10.139 Thread 0x0000025e641d3570 Uncommon trap: reason=unstable_if action=reinterpret pc=0x0000025e74f77638 method=java.util.ArrayList.indexOfRange(Ljava/lang/Object;II)I @ 7 c2
Event: 10.139 Thread 0x0000025e641d3570 DEOPT PACKING pc=0x0000025e74f77638 sp=0x000000aa7fefed00
Event: 10.139 Thread 0x0000025e641d3570 DEOPT UNPACKING pc=0x0000025e747d23a3 sp=0x000000aa7fefebc0 mode 2
Event: 10.139 Thread 0x0000025e641d3570 Uncommon trap: trap_request=0xffffff45 fr.pc=0x0000025e74f4f3a0 relative=0x0000000000000100
Event: 10.139 Thread 0x0000025e641d3570 Uncommon trap: reason=unstable_if action=reinterpret pc=0x0000025e74f4f3a0 method=java.util.ArrayList.indexOfRange(Ljava/lang/Object;II)I @ 7 c2
Event: 10.139 Thread 0x0000025e641d3570 DEOPT PACKING pc=0x0000025e74f4f3a0 sp=0x000000aa7fefec20
Event: 10.139 Thread 0x0000025e641d3570 DEOPT UNPACKING pc=0x0000025e747d23a3 sp=0x000000aa7fefebc0 mode 2
Event: 16.029 Thread 0x0000025e7fa39d80 Uncommon trap: trap_request=0xffffffc6 fr.pc=0x0000025e74e75a10 relative=0x0000000000001630
Event: 16.029 Thread 0x0000025e7fa39d80 Uncommon trap: reason=bimorphic_or_optimized_type_check action=maybe_recompile pc=0x0000025e74e75a10 method=java.util.concurrent.ConcurrentHashMap.putVal(Ljava/lang/Object;Ljava/lang/Object;Z)Ljava/lang/Object; @ 242 c2
Event: 16.029 Thread 0x0000025e7fa39d80 DEOPT PACKING pc=0x0000025e74e75a10 sp=0x000000aa01bfc900
Event: 16.029 Thread 0x0000025e7fa39d80 DEOPT UNPACKING pc=0x0000025e747d23a3 sp=0x000000aa01bfc880 mode 2
Event: 16.134 Thread 0x0000025e7fa39d80 Uncommon trap: trap_request=0xffffff45 fr.pc=0x0000025e74f93cc0 relative=0x00000000000006e0
Event: 16.134 Thread 0x0000025e7fa39d80 Uncommon trap: reason=unstable_if action=reinterpret pc=0x0000025e74f93cc0 method=java.lang.StringConcatHelper.stringOf(Ljava/lang/Object;)Ljava/lang/String; @ 1 c2
Event: 16.134 Thread 0x0000025e7fa39d80 DEOPT PACKING pc=0x0000025e74f93cc0 sp=0x000000aa01bfa800
Event: 16.134 Thread 0x0000025e7fa39d80 DEOPT UNPACKING pc=0x0000025e747d23a3 sp=0x000000aa01bfa750 mode 2

Classes unloaded (0 events):
No events

Classes redefined (0 events):
No events

Internal exceptions (20 events):
Event: 5.331 Thread 0x0000025e641d3570 Exception <a 'java/lang/NoSuchMethodError'{0x0000000082daefd0}: 'java.lang.Object java.lang.invoke.DirectMethodHandle$Holder.invokeStaticInit(java.lang.Object, java.lang.Object, int, int, int, int)'> (0x0000000082daefd0) 
thrown [s\open\src\hotspot\share\interpreter\linkResolver.cpp, line 759]
Event: 5.609 Thread 0x0000025e641d3570 Exception <a 'java/lang/NoSuchMethodError'{0x000000008937c078}: 'java.lang.Object java.lang.invoke.DirectMethodHandle$Holder.invokeSpecial(java.lang.Object, java.lang.Object, long, java.lang.Object, java.lang.Object, java.lang.Object, java.lang.Object, java.lang.Object, java.lang.Object)'> (0x000000008937c078) 
thrown [s\open\src\hotspot\share\interpreter\linkResolver.cpp, line 759]
Event: 5.609 Thread 0x0000025e641d3570 Exception <a 'java/lang/NoSuchMethodError'{0x0000000089380de8}: 'java.lang.Object java.lang.invoke.DelegatingMethodHandle$Holder.reinvoke_L(java.lang.Object, long, java.lang.Object, java.lang.Object, java.lang.Object, java.lang.Object, java.lang.Object, java.lang.Object)'> (0x0000000089380de8) 
thrown [s\open\src\hotspot\share\interpreter\linkResolver.cpp, line 759]
Event: 5.683 Thread 0x0000025e641d3570 Implicit null exception at 0x0000025e74dcac20 to 0x0000025e74dcc448
Event: 5.781 Thread 0x0000025e641d3570 Exception <a 'java/io/FileNotFoundException'{0x00000000893e6ca8}> (0x00000000893e6ca8) 
thrown [s\open\src\hotspot\share\prims\jni.cpp, line 516]
Event: 6.760 Thread 0x0000025e641d3570 Exception <a 'java/lang/NoSuchMethodError'{0x00000000833a5130}: 'int java.lang.invoke.DirectMethodHandle$Holder.invokeInterface(java.lang.Object, java.lang.Object, java.lang.Object, java.lang.Object)'> (0x00000000833a5130) 
thrown [s\open\src\hotspot\share\interpreter\linkResolver.cpp, line 759]
Event: 6.877 Thread 0x0000025e641d3570 Exception <a 'java/lang/NoSuchMethodError'{0x0000000085245420}: 'long java.lang.invoke.DirectMethodHandle$Holder.invokeVirtual(java.lang.Object, java.lang.Object)'> (0x0000000085245420) 
thrown [s\open\src\hotspot\share\interpreter\linkResolver.cpp, line 759]
Event: 7.034 Thread 0x0000025e641d3570 Exception <a 'sun/nio/fs/WindowsException'{0x0000000084d70fd0}> (0x0000000084d70fd0) 
thrown [s\open\src\hotspot\share\prims\jni.cpp, line 516]
Event: 7.304 Thread 0x0000025e641d3570 Exception <a 'java/lang/NoSuchMethodError'{0x00000000837cb6f0}: 'int java.lang.invoke.Invokers$Holder.invokeExact_MT(java.lang.Object, java.lang.Object, java.lang.Object)'> (0x00000000837cb6f0) 
thrown [s\open\src\hotspot\share\interpreter\linkResolver.cpp, line 759]
Event: 7.897 Thread 0x0000025e641d3570 Implicit null exception at 0x0000025e74d54672 to 0x0000025e74d54df0
Event: 8.049 Thread 0x0000025e641d3570 Exception <a 'java/lang/IncompatibleClassChangeError'{0x0000000083558ed0}: Found class java.lang.Object, but interface was expected> (0x0000000083558ed0) 
thrown [s\open\src\hotspot\share\interpreter\linkResolver.cpp, line 826]
Event: 8.367 Thread 0x0000025e641d3570 Exception <a 'java/io/FileNotFoundException'{0x000000008591c258}> (0x000000008591c258) 
thrown [s\open\src\hotspot\share\prims\jni.cpp, line 516]
Event: 8.369 Thread 0x0000025e641d3570 Exception <a 'java/io/FileNotFoundException'{0x0000000085927380}> (0x0000000085927380) 
thrown [s\open\src\hotspot\share\prims\jni.cpp, line 516]
Event: 8.680 Thread 0x0000025e641d3570 Exception <a 'sun/nio/fs/WindowsException'{0x0000000084f68aa8}> (0x0000000084f68aa8) 
thrown [s\open\src\hotspot\share\prims\jni.cpp, line 516]
Event: 8.758 Thread 0x0000025e641d3570 Implicit null exception at 0x0000025e74df70c6 to 0x0000025e74df74b3
Event: 9.534 Thread 0x0000025e641d3570 Exception <a 'java/lang/IncompatibleClassChangeError'{0x0000000085340340}: Found class java.lang.Object, but interface was expected> (0x0000000085340340) 
thrown [s\open\src\hotspot\share\interpreter\linkResolver.cpp, line 826]
Event: 9.710 Thread 0x0000025e641d3570 Exception <a 'java/lang/NoSuchMethodError'{0x0000000084f8f8e0}: 'int java.lang.invoke.DirectMethodHandle$Holder.invokeStaticInit(java.lang.Object, java.lang.Object, java.lang.Object, java.lang.Object)'> (0x0000000084f8f8e0) 
thrown [s\open\src\hotspot\share\interpreter\linkResolver.cpp, line 759]
Event: 10.021 Thread 0x0000025e641d3570 Exception <a 'java/lang/NoSuchMethodError'{0x00000000847681f0}: 'java.lang.Object java.lang.invoke.DirectMethodHandle$Holder.newInvokeSpecial(java.lang.Object, java.lang.Object, int, java.lang.Object, java.lang.Object)'> (0x00000000847681f0) 
thrown [s\open\src\hotspot\share\interpreter\linkResolver.cpp, line 759]
Event: 15.664 Thread 0x0000025e7fa39d80 Exception <a 'java/lang/NoSuchMethodError'{0x0000000083c4afa8}: 'java.lang.Object java.lang.invoke.DirectMethodHandle$Holder.invokeSpecial(java.lang.Object, java.lang.Object, java.lang.Object, java.lang.Object, java.lang.Object, long)'> (0x0000000083c4afa8) 
thrown [s\open\src\hotspot\share\interpreter\linkResolver.cpp, line 759]
Event: 15.664 Thread 0x0000025e7fa39d80 Exception <a 'java/lang/NoSuchMethodError'{0x0000000083c4e9e8}: 'java.lang.Object java.lang.invoke.Invokers$Holder.linkToTargetMethod(java.lang.Object, java.lang.Object, java.lang.Object, long, java.lang.Object)'> (0x0000000083c4e9e8) 
thrown [s\open\src\hotspot\share\interpreter\linkResolver.cpp, line 759]

VM Operations (20 events):
Event: 9.072 Executing VM operation: HandshakeAllThreads
Event: 9.072 Executing VM operation: HandshakeAllThreads done
Event: 9.073 Executing VM operation: HandshakeAllThreads
Event: 9.073 Executing VM operation: HandshakeAllThreads done
Event: 9.093 Executing VM operation: HandshakeAllThreads
Event: 9.093 Executing VM operation: HandshakeAllThreads done
Event: 9.113 Executing VM operation: HandshakeAllThreads
Event: 9.113 Executing VM operation: HandshakeAllThreads done
Event: 9.252 Executing VM operation: HandshakeAllThreads
Event: 9.252 Executing VM operation: HandshakeAllThreads done
Event: 9.591 Executing VM operation: ICBufferFull
Event: 9.592 Executing VM operation: ICBufferFull done
Event: 10.601 Executing VM operation: Cleanup
Event: 10.601 Executing VM operation: Cleanup done
Event: 15.693 Executing VM operation: HandshakeAllThreads
Event: 15.693 Executing VM operation: HandshakeAllThreads done
Event: 15.693 Executing VM operation: Cleanup
Event: 15.693 Executing VM operation: Cleanup done
Event: 15.843 Executing VM operation: HandshakeAllThreads
Event: 15.843 Executing VM operation: HandshakeAllThreads done

Events (20 events):
Event: 16.151 loading class java/util/concurrent/SynchronousQueue$TransferQueue
Event: 16.152 loading class java/util/concurrent/SynchronousQueue$TransferQueue done
Event: 16.152 loading class java/util/concurrent/SynchronousQueue$TransferQueue$QNode
Event: 16.152 loading class java/util/concurrent/SynchronousQueue$TransferQueue$QNode done
Event: 16.154 loading class java/util/concurrent/ThreadPoolExecutor$DiscardPolicy
Event: 16.155 loading class java/util/concurrent/ThreadPoolExecutor$DiscardPolicy done
Event: 16.159 loading class java/util/concurrent/atomic/AtomicIntegerFieldUpdater
Event: 16.159 loading class java/util/concurrent/atomic/AtomicIntegerFieldUpdater done
Event: 16.160 loading class java/util/concurrent/atomic/AtomicIntegerFieldUpdater$AtomicIntegerFieldUpdaterImpl
Event: 16.160 loading class java/util/concurrent/atomic/AtomicIntegerFieldUpdater$AtomicIntegerFieldUpdaterImpl done
Event: 16.160 loading class java/util/concurrent/atomic/AtomicIntegerFieldUpdater$AtomicIntegerFieldUpdaterImpl$1
Event: 16.160 loading class java/util/concurrent/atomic/AtomicIntegerFieldUpdater$AtomicIntegerFieldUpdaterImpl$1 done
Event: 16.173 loading class jdk/internal/reflect/UnsafeIntegerFieldAccessorImpl
Event: 16.174 loading class jdk/internal/reflect/UnsafeIntegerFieldAccessorImpl done
Event: 16.174 loading class jdk/internal/reflect/UnsafeQualifiedStaticObjectFieldAccessorImpl
Event: 16.174 loading class jdk/internal/reflect/UnsafeQualifiedStaticFieldAccessorImpl
Event: 16.175 loading class jdk/internal/reflect/UnsafeQualifiedStaticFieldAccessorImpl done
Event: 16.175 loading class jdk/internal/reflect/UnsafeQualifiedStaticObjectFieldAccessorImpl done
Event: 16.175 loading class jdk/internal/reflect/UnsafeBooleanFieldAccessorImpl
Event: 16.175 loading class jdk/internal/reflect/UnsafeBooleanFieldAccessorImpl done


Dynamic libraries:
0x00007ff7ef500000 - 0x00007ff7ef510000 	C:\Program Files\Java\jdk-17\bin\javaw.exe
0x00007fff6aff0000 - 0x00007fff6b1e8000 	C:\WINDOWS\SYSTEM32\ntdll.dll
0x00007fff692a0000 - 0x00007fff69361000 	C:\WINDOWS\System32\KERNEL32.DLL
0x00007fff68d20000 - 0x00007fff69016000 	C:\WINDOWS\System32\KERNELBASE.dll
0x00007fff68850000 - 0x00007fff68950000 	C:\WINDOWS\System32\ucrtbase.dll
0x00007fff62840000 - 0x00007fff62859000 	C:\Program Files\Java\jdk-17\bin\jli.dll
0x00007fff694e0000 - 0x00007fff69590000 	C:\WINDOWS\System32\ADVAPI32.dll
0x00007fff690d0000 - 0x00007fff6916e000 	C:\WINDOWS\System32\msvcrt.dll
0x00007fff69370000 - 0x00007fff69410000 	C:\WINDOWS\System32\sechost.dll
0x00007fff6abd0000 - 0x00007fff6acf3000 	C:\WINDOWS\System32\RPCRT4.dll
0x00007fff686a0000 - 0x00007fff686c7000 	C:\WINDOWS\System32\bcrypt.dll
0x00007fff6ad00000 - 0x00007fff6ae9f000 	C:\WINDOWS\System32\USER32.dll
0x00007fff68760000 - 0x00007fff68782000 	C:\WINDOWS\System32\win32u.dll
0x00007fff6a7d0000 - 0x00007fff6a7fb000 	C:\WINDOWS\System32\GDI32.dll
0x00007fff68c00000 - 0x00007fff68d17000 	C:\WINDOWS\System32\gdi32full.dll
0x00007fff68a00000 - 0x00007fff68a9d000 	C:\WINDOWS\System32\msvcp_win.dll
0x00007fff608a0000 - 0x00007fff608bb000 	C:\Program Files\Java\jdk-17\bin\VCRUNTIME140.dll
0x00007fff5d330000 - 0x00007fff5d5ca000 	C:\WINDOWS\WinSxS\amd64_microsoft.windows.common-controls_6595b64144ccf1df_6.0.19041.4355_none_60b8b9eb71f62e16\COMCTL32.dll
0x00007fff62c40000 - 0x00007fff62c4a000 	C:\WINDOWS\SYSTEM32\VERSION.dll
0x00007fff6a790000 - 0x00007fff6a7bf000 	C:\WINDOWS\System32\IMM32.DLL
0x00007fff62930000 - 0x00007fff6293c000 	C:\Program Files\Java\jdk-17\bin\vcruntime140_1.dll
0x00007fff4d7f0000 - 0x00007fff4d87e000 	C:\Program Files\Java\jdk-17\bin\msvcp140.dll
0x00007ffee1fe0000 - 0x00007ffee2bc0000 	C:\Program Files\Java\jdk-17\bin\server\jvm.dll
0x00007fff6a7c0000 - 0x00007fff6a7c8000 	C:\WINDOWS\System32\PSAPI.DLL
0x00007fff66d90000 - 0x00007fff66d99000 	C:\WINDOWS\SYSTEM32\WSOCK32.dll
0x00007fff69470000 - 0x00007fff694db000 	C:\WINDOWS\System32\WS2_32.dll
0x00007fff5b4e0000 - 0x00007fff5b507000 	C:\WINDOWS\SYSTEM32\WINMM.dll
0x00007fff66f00000 - 0x00007fff66f12000 	C:\WINDOWS\SYSTEM32\kernel.appcore.dll
0x00007fff62870000 - 0x00007fff6287a000 	C:\Program Files\Java\jdk-17\bin\jimage.dll
0x00007fff66b80000 - 0x00007fff66d64000 	C:\WINDOWS\SYSTEM32\DBGHELP.DLL
0x00007fff603f0000 - 0x00007fff60424000 	C:\WINDOWS\SYSTEM32\dbgcore.DLL
0x00007fff686d0000 - 0x00007fff68752000 	C:\WINDOWS\System32\bcryptPrimitives.dll
0x00007fff5d9f0000 - 0x00007fff5da15000 	C:\Program Files\Java\jdk-17\bin\java.dll
0x00007fff421f0000 - 0x00007fff422c7000 	C:\Program Files\Java\jdk-17\bin\jsvml.dll
0x00007fff69b40000 - 0x00007fff6a2ac000 	C:\WINDOWS\System32\SHELL32.dll
0x00007fff66320000 - 0x00007fff66abe000 	C:\WINDOWS\SYSTEM32\windows.storage.dll
0x00007fff6a800000 - 0x00007fff6ab53000 	C:\WINDOWS\System32\combase.dll
0x00007fff680c0000 - 0x00007fff680ee000 	C:\WINDOWS\SYSTEM32\Wldp.dll
0x00007fff698a0000 - 0x00007fff6996d000 	C:\WINDOWS\System32\OLEAUT32.dll
0x00007fff69020000 - 0x00007fff690cd000 	C:\WINDOWS\System32\SHCORE.dll
0x00007fff6ab70000 - 0x00007fff6abc5000 	C:\WINDOWS\System32\shlwapi.dll
0x00007fff685d0000 - 0x00007fff685f4000 	C:\WINDOWS\SYSTEM32\profapi.dll
0x00007fff60800000 - 0x00007fff60819000 	C:\Program Files\Java\jdk-17\bin\net.dll
0x00007fff5e830000 - 0x00007fff5e93a000 	C:\WINDOWS\SYSTEM32\WINHTTP.dll
0x00007fff67e20000 - 0x00007fff67e8a000 	C:\WINDOWS\system32\mswsock.dll
0x00007fff60130000 - 0x00007fff60146000 	C:\Program Files\Java\jdk-17\bin\nio.dll
0x00007fff5f5e0000 - 0x00007fff5f5f8000 	C:\Program Files\Java\jdk-17\bin\zip.dll
0x00007fff62540000 - 0x00007fff6254e000 	C:\Program Files\Java\jdk-17\bin\sunmscapi.dll
0x00007fff68aa0000 - 0x00007fff68bfe000 	C:\WINDOWS\System32\CRYPT32.dll
0x00007fff68130000 - 0x00007fff68159000 	C:\WINDOWS\SYSTEM32\ncrypt.dll
0x00007fff680f0000 - 0x00007fff6812b000 	C:\WINDOWS\SYSTEM32\NTASN1.dll
0x00007fff68010000 - 0x00007fff68028000 	C:\WINDOWS\SYSTEM32\CRYPTSP.dll
0x00007fff676d0000 - 0x00007fff67704000 	C:\WINDOWS\system32\rsaenh.dll
0x00007fff68580000 - 0x00007fff685ae000 	C:\WINDOWS\SYSTEM32\USERENV.dll
0x00007fff68030000 - 0x00007fff6803c000 	C:\WINDOWS\SYSTEM32\CRYPTBASE.dll
0x00007fff67ab0000 - 0x00007fff67aeb000 	C:\WINDOWS\SYSTEM32\IPHLPAPI.DLL
0x00007fff6ab60000 - 0x00007fff6ab68000 	C:\WINDOWS\System32\NSI.dll
0x00007fff5f1e0000 - 0x00007fff5f1f7000 	C:\WINDOWS\SYSTEM32\dhcpcsvc6.DLL
0x00007fff5f800000 - 0x00007fff5f81d000 	C:\WINDOWS\SYSTEM32\dhcpcsvc.DLL
0x00007fff67af0000 - 0x00007fff67bba000 	C:\WINDOWS\SYSTEM32\DNSAPI.dll
0x00007fff617a0000 - 0x00007fff617aa000 	C:\Program Files\Java\jdk-17\bin\management.dll
0x00007fff61720000 - 0x00007fff6172b000 	C:\Program Files\Java\jdk-17\bin\management_ext.dll
0x00007fff5edc0000 - 0x00007fff5edc7000 	C:\WINDOWS\system32\wshunix.dll

dbghelp: loaded successfully - version: 4.0.5 - missing functions: none
symbol engine: initialized successfully - sym options: 0x614 - pdb path: .;C:\Program Files\Java\jdk-17\bin;C:\WINDOWS\SYSTEM32;C:\WINDOWS\WinSxS\amd64_microsoft.windows.common-controls_6595b64144ccf1df_6.0.19041.4355_none_60b8b9eb71f62e16;C:\Program Files\Java\jdk-17\bin\server

VM Arguments:
jvm_args: -Dfile.encoding=UTF-8 -Dstdout.encoding=UTF-8 -Dstderr.encoding=UTF-8 -XX:+ShowCodeDetailsInExceptionMessages 
java_command: kr.co.matchday.MatchdayApplication --spring.output.ansi.enabled=always
java_class_path (initial): C:\Users\godwon\git\matchday-project\matchday\target\classes;C:\Users\godwon\.m2\repository\org\springframework\boot\spring-boot-starter-jdbc\3.3.1\spring-boot-starter-jdbc-3.3.1.jar;C:\Users\godwon\.m2\repository\org\springframework\boot\spring-boot-starter\3.3.1\spring-boot-starter-3.3.1.jar;C:\Users\godwon\.m2\repository\org\springframework\boot\spring-boot\3.3.1\spring-boot-3.3.1.jar;C:\Users\godwon\.m2\repository\org\springframework\boot\spring-boot-autoconfigure\3.3.1\spring-boot-autoconfigure-3.3.1.jar;C:\Users\godwon\.m2\repository\org\springframework\boot\spring-boot-starter-logging\3.3.1\spring-boot-starter-logging-3.3.1.jar;C:\Users\godwon\.m2\repository\ch\qos\logback\logback-classic\1.5.6\logback-classic-1.5.6.jar;C:\Users\godwon\.m2\repository\ch\qos\logback\logback-core\1.5.6\logback-core-1.5.6.jar;C:\Users\godwon\.m2\repository\org\apache\logging\log4j\log4j-to-slf4j\2.23.1\log4j-to-slf4j-2.23.1.jar;C:\Users\godwon\.m2\repository\org\apache\logging\log4j\log4j-api\2.23.1\log4j-api-2.23.1.jar;C:\Users\godwon\.m2\repository\org\slf4j\jul-to-slf4j\2.0.13\jul-to-slf4j-2.0.13.jar;C:\Users\godwon\.m2\repository\org\yaml\snakeyaml\2.2\snakeyaml-2.2.jar;C:\Users\godwon\.m2\repository\com\zaxxer\HikariCP\5.1.0\HikariCP-5.1.0.jar;C:\Users\godwon\.m2\repository\org\slf4j\slf4j-api\2.0.13\slf4j-api-2.0.13.jar;C:\Users\godwon\.m2\repository\org\springframework\spring-jdbc\6.1.10\spring-jdbc-6.1.10.jar;C:\Users\godwon\.m2\repository\org\springframework\spring-beans\6.1.10\spring-beans-6.1.10.jar;C:\Users\godwon\.m2\repository\org\springframework\spring-tx\6.1.10\spring-tx-6.1.10.jar;C:\Users\godwon\.m2\repository\org\springframework\boot\spring-boot-starter-web\3.3.1\spring-boot-starter-web-3.3.1.jar;C:\Users\godwon\.m2\repository\org\springframework\boot\spring-boot-starter-json\3.3.1\spring-boot-starter-json-3.3.1.jar;C:\Users\godwon\.m2\repository\com\fasterxml\jackson\core\jackson-databind\2.17.1\jackson-databind-2.17.1.jar;C:\User
Launcher Type: SUN_STANDARD

[Global flags]
     intx CICompilerCount                          = 3                                         {product} {ergonomic}
     uint ConcGCThreads                            = 1                                         {product} {ergonomic}
     uint G1ConcRefinementThreads                  = 4                                         {product} {ergonomic}
   size_t G1HeapRegionSize                         = 1048576                                   {product} {ergonomic}
    uintx GCDrainStackTargetSize                   = 64                                        {product} {ergonomic}
   size_t InitialHeapSize                          = 134217728                                 {product} {ergonomic}
   size_t MarkStackSize                            = 4194304                                   {product} {ergonomic}
   size_t MaxHeapSize                              = 2126512128                                {product} {ergonomic}
   size_t MaxNewSize                               = 1275068416                                {product} {ergonomic}
   size_t MinHeapDeltaBytes                        = 1048576                                   {product} {ergonomic}
   size_t MinHeapSize                              = 8388608                                   {product} {ergonomic}
    uintx NonNMethodCodeHeapSize                   = 5832780                                {pd product} {ergonomic}
    uintx NonProfiledCodeHeapSize                  = 122912730                              {pd product} {ergonomic}
    uintx ProfiledCodeHeapSize                     = 122912730                              {pd product} {ergonomic}
    uintx ReservedCodeCacheSize                    = 251658240                              {pd product} {ergonomic}
     bool SegmentedCodeCache                       = true                                      {product} {ergonomic}
     bool ShowCodeDetailsInExceptionMessages       = true                                   {manageable} {command line}
   size_t SoftMaxHeapSize                          = 2126512128                             {manageable} {ergonomic}
     bool UseCompressedClassPointers               = true                           {product lp64_product} {ergonomic}
     bool UseCompressedOops                        = true                           {product lp64_product} {ergonomic}
     bool UseG1GC                                  = true                                      {product} {ergonomic}
     bool UseLargePagesIndividualAllocation        = false                                  {pd product} {ergonomic}

Logging:
Log output configuration:
 #0: stdout all=warning uptime,level,tags
 #1: stderr all=off uptime,level,tags

Environment Variables:
PATH=C:/java/sts-4.23.1.RELEASE//plugins/org.eclipse.justj.openjdk.hotspot.jre.full.win32.x86_64_21.0.3.v20240426-1530/jre/bin/server;C:/java/sts-4.23.1.RELEASE//plugins/org.eclipse.justj.openjdk.hotspot.jre.full.win32.x86_64_21.0.3.v20240426-1530/jre/bin;C:\app\godwon\product\18.0.0\dbhomeXE\bin;C:\app\godwon\product\18.0.0\dbhomeXE;C:\Program Files\Common Files\Oracle\Java\javapath;C:\Program Files (x86)\Intel\iCLS Client\;C:\Program Files\Intel\iCLS Client\;C:\WINDOWS\system32;C:\WINDOWS;C:\WINDOWS\System32\Wbem;C:\WINDOWS\System32\WindowsPowerShell\v1.0\;C:\Program Files (x86)\Intel\Intel(R) Management Engine Components\DAL;C:\Program Files\Intel\Intel(R) Management Engine Components\DAL;C:\Program Files (x86)\Intel\Intel(R) Management Engine Components\IPT;C:\Program Files\Intel\Intel(R) Management Engine Components\IPT;C:\Program Files\Intel\WiFi\bin\;C:\Program Files\Common Files\Intel\WirelessCommon\;C:\WINDOWS\System32\OpenSSH\;C:\VXIPNP\WinNT\Bin;C:\Program Files\Git\cmd;C:\Users\\AppData\Local\Programs\Python\Python39\Scripts\;C:\Users\\AppData\Local\Programs\Python\Python39\;C:\Users\godwon\AppData\Local\Microsoft\WindowsApps;C:\Program Files\Intel\WiFi\bin\;C:\Program Files\Common Files\Intel\WirelessCommon\;C:\Users\\AppData\Local\afreeca;C:\Users\\AppData\Local\Programs\Microsoft VS Code\bin;C:\java\sts-4.23.1.RELEASE;
USERNAME=godwon
OS=Windows_NT
PROCESSOR_IDENTIFIER=Intel64 Family 6 Model 78 Stepping 3, GenuineIntel



---------------  S Y S T E M  ---------------

OS:
 Windows 10 , 64 bit Build 19041 (10.0.19041.4597)
OS uptime: 11 days 13:04 hours

CPU: total 4 (initial active 4) (2 cores per cpu, 2 threads per core) family 6 model 78 stepping 3 microcode 0xcc, cx8, cmov, fxsr, ht, mmx, 3dnowpref, sse, sse2, sse3, ssse3, sse4.1, sse4.2, popcnt, lzcnt, tsc, tscinvbit, avx, avx2, aes, erms, clmul, bmi1, bmi2, rtm, adx, fma, vzeroupper, clflush, clflushopt

Memory: 4k page, system-wide physical 8110M (721M free)
TotalPageFile size 21518M (AvailPageFile size 4M)
current process WorkingSet (physical memory assigned to process): 222M, peak: 227M
current process commit charge ("private bytes"): 256M, peak: 268M

vm_info: Java HotSpot(TM) 64-Bit Server VM (17.0.11+7-LTS-207) for windows-amd64 JRE (17.0.11+7-LTS-207), built on Mar 11 2024 19:01:50 by "mach5one" with MS VC++ 17.6 (VS2022)

END.
